TN:
SF:src/app.module.ts
FN:28,(anonymous_1)
FN:29,(anonymous_3)
FNF:2
FNH:0
FNDA:0,(anonymous_1)
FNDA:0,(anonymous_3)
DA:1,0
DA:2,0
DA:3,0
DA:5,0
DA:6,0
DA:7,0
DA:8,0
DA:9,0
DA:10,0
DA:11,0
DA:12,0
DA:13,0
DA:28,0
DA:29,0
DA:30,0
DA:32,0
LF:16
LH:0
BRF:0
BRH:0
end_of_record
TN:
SF:src/main.ts
FN:5,bootstrap
FNF:1
FNH:0
FNDA:0,bootstrap
DA:1,0
DA:2,0
DA:3,0
DA:6,0
DA:7,0
DA:9,0
DA:16,0
DA:17,0
DA:18,0
DA:20,0
LF:10
LH:0
BRDA:6,0,0,0
BRF:1
BRH:0
end_of_record
TN:
SF:src/@Types/express.d.ts
FNF:0
FNH:0
LF:0
LH:0
BRF:0
BRH:0
end_of_record
TN:
SF:src/Repositories/UserRepository.ts
FN:5,(anonymous_7)
FNF:1
FNH:1
FNDA:3,(anonymous_7)
DA:1,3
DA:2,3
DA:5,3
LF:3
LH:3
BRF:0
BRH:0
end_of_record
TN:
SF:src/config/auth.ts
FNF:0
FNH:0
DA:1,1
LF:1
LH:1
BRF:0
BRH:0
end_of_record
TN:
SF:src/controllers/create-admin/create-admin.controller.ts
FN:19,(anonymous_17)
FN:20,CreateAdminController
FN:29,(anonymous_19)
FN:40,(anonymous_22)
FN:52,(anonymous_25)
FN:67,(anonymous_28)
FNF:6
FNH:1
FNDA:1,(anonymous_17)
FNDA:0,CreateAdminController
FNDA:0,(anonymous_19)
FNDA:0,(anonymous_22)
FNDA:0,(anonymous_25)
FNDA:0,(anonymous_28)
DA:1,1
DA:11,1
DA:13,1
DA:14,1
DA:15,1
DA:16,1
DA:19,1
DA:21,0
DA:22,0
DA:25,0
DA:29,1
DA:30,0
DA:36,0
DA:40,1
DA:45,0
DA:48,0
DA:52,1
DA:53,0
DA:54,0
DA:56,0
DA:63,0
DA:67,1
DA:72,0
DA:74,0
DA:82,0
DA:84,1
LF:26
LH:12
BRDA:30,0,0,0
BRDA:45,1,0,0
BRF:2
BRH:0
end_of_record
TN:
SF:src/controllers/sessions/sessions.controller.ts
FN:7,(anonymous_17)
FN:8,SessionsController
FN:11,(anonymous_19)
FNF:3
FNH:3
FNDA:1,(anonymous_17)
FNDA:1,SessionsController
FNDA:1,(anonymous_19)
DA:1,1
DA:4,1
DA:7,1
DA:8,1
DA:11,1
DA:12,1
DA:13,1
DA:17,1
DA:19,1
LF:9
LH:9
BRF:0
BRH:0
end_of_record
TN:
SF:src/controllers/users/users.controller.ts
FN:20,(anonymous_17)
FN:21,UsersController
FN:29,(anonymous_19)
FN:40,(anonymous_22)
FN:53,(anonymous_25)
FN:72,(anonymous_28)
FNF:6
FNH:1
FNDA:1,(anonymous_17)
FNDA:0,UsersController
FNDA:0,(anonymous_19)
FNDA:0,(anonymous_22)
FNDA:0,(anonymous_25)
FNDA:0,(anonymous_28)
DA:1,1
DA:12,1
DA:14,1
DA:15,1
DA:16,1
DA:17,1
DA:20,1
DA:22,0
DA:23,0
DA:25,0
DA:29,1
DA:30,0
DA:36,0
DA:40,1
DA:41,0
DA:43,0
DA:49,0
DA:53,1
DA:58,0
DA:60,0
DA:68,0
DA:72,1
DA:77,0
DA:79,0
DA:81,1
LF:25
LH:12
BRDA:30,0,0,0
BRDA:77,1,0,0
BRF:2
BRH:0
end_of_record
TN:
SF:src/entity/User.ts
FN:4,(anonymous_2)
FNF:1
FNH:1
FNDA:4,(anonymous_2)
DA:1,3
DA:4,3
DA:6,3
DA:9,3
DA:12,3
DA:17,3
DA:20,3
DA:23,3
DA:24,3
LF:9
LH:9
BRF:0
BRH:0
end_of_record
TN:
SF:src/middlewares/EnsureAuthenticated.middleware.ts
FN:13,(anonymous_1)
FN:14,(anonymous_3)
FNF:2
FNH:0
FNDA:0,(anonymous_1)
FNDA:0,(anonymous_3)
DA:1,0
DA:3,0
DA:4,0
DA:13,0
DA:14,0
DA:15,0
DA:17,0
DA:18,0
DA:21,0
DA:23,0
DA:24,0
DA:26,0
DA:30,0
DA:32,0
DA:35,0
LF:15
LH:0
BRDA:17,0,0,0
BRDA:17,0,1,0
BRF:2
BRH:0
end_of_record
TN:
SF:src/services/create-admin/create-admin.service.ts
FN:16,(anonymous_17)
FN:17,CreateAdminService
FN:22,(anonymous_19)
FNF:3
FNH:1
FNDA:1,(anonymous_17)
FNDA:0,CreateAdminService
FNDA:0,(anonymous_19)
DA:1,1
DA:2,1
DA:3,1
DA:4,1
DA:5,1
DA:6,1
DA:16,1
DA:19,0
DA:22,1
DA:23,0
DA:29,0
DA:30,0
DA:33,0
DA:37,0
DA:38,0
DA:41,0
DA:45,0
DA:46,0
DA:49,0
DA:51,0
DA:58,0
DA:60,0
DA:62,0
DA:64,1
LF:24
LH:9
BRDA:29,0,0,0
BRDA:29,0,1,0
BRDA:37,1,0,0
BRDA:37,1,1,0
BRDA:37,2,0,0
BRDA:37,2,1,0
BRDA:45,3,0,0
BRDA:45,3,1,0
BRF:8
BRH:0
end_of_record
TN:
SF:src/services/create-session/create-session.service.ts
FN:20,(anonymous_17)
FN:21,CreateSessionService
FN:26,(anonymous_19)
FNF:3
FNH:1
FNDA:1,(anonymous_17)
FNDA:0,CreateSessionService
FNDA:0,(anonymous_19)
DA:1,1
DA:2,1
DA:3,1
DA:4,1
DA:5,1
DA:6,1
DA:7,1
DA:20,1
DA:23,0
DA:26,1
DA:27,0
DA:31,0
DA:32,0
DA:38,0
DA:40,0
DA:41,0
DA:47,0
DA:49,0
DA:51,0
DA:53,0
DA:58,1
LF:21
LH:10
BRDA:27,0,0,0
BRDA:31,1,0,0
BRDA:31,1,1,0
BRDA:40,2,0,0
BRDA:40,2,1,0
BRF:5
BRH:0
end_of_record
TN:
SF:src/services/create-users/create-users.service.ts
FN:15,(anonymous_17)
FN:16,CreateUsersService
FN:21,(anonymous_19)
FNF:3
FNH:1
FNDA:1,(anonymous_17)
FNDA:0,CreateUsersService
FNDA:0,(anonymous_19)
DA:1,1
DA:2,1
DA:3,1
DA:4,1
DA:5,1
DA:6,1
DA:15,1
DA:18,0
DA:21,1
DA:22,0
DA:28,0
DA:29,0
DA:32,0
DA:36,0
DA:37,0
DA:40,0
DA:42,0
DA:49,0
DA:51,0
DA:53,0
DA:55,1
LF:21
LH:9
BRDA:28,0,0,0
BRDA:28,0,1,0
BRDA:36,1,0,0
BRDA:36,1,1,0
BRF:4
BRH:0
end_of_record
TN:
SF:src/services/update-user/update-user.service.ts
FN:17,(anonymous_17)
FN:18,UpdateUserService
FN:23,(anonymous_19)
FNF:3
FNH:1
FNDA:2,(anonymous_17)
FNDA:0,UpdateUserService
FNDA:0,(anonymous_19)
DA:1,2
DA:2,2
DA:3,2
DA:4,2
DA:5,2
DA:6,2
DA:17,2
DA:20,0
DA:23,2
DA:24,0
DA:32,0
DA:33,0
DA:36,0
DA:40,0
DA:41,0
DA:44,0
DA:45,0
DA:49,0
DA:50,0
DA:54,0
DA:56,0
DA:57,0
DA:60,0
DA:62,0
DA:68,2
LF:25
LH:9
BRDA:54,0,0,0
BRDA:32,1,0,0
BRDA:32,1,1,0
BRDA:40,2,0,0
BRDA:40,2,1,0
BRDA:44,3,0,0
BRDA:44,3,1,0
BRDA:49,4,0,0
BRDA:49,4,1,0
BRDA:56,5,0,0
BRDA:56,5,1,0
BRF:11
BRH:0
end_of_record
